  main.cpp
c:\users\kuanr\desktop\ministudio\main.cpp(180): warning C4244: 'argument': conversion from 'double' to 'float', possible loss of data
  Bass.cpp
  Drum.cpp
  fssimplewindow.cpp
c:\users\kuanr\desktop\ministudio\src\fssimplewindow.cpp(897): warning C4018: '<': signed/unsigned mismatch
  Guitar.cpp
c:\users\kuanr\desktop\ministudio\src\guitar.cpp(231): warning C4244: 'argument': conversion from 'int' to 'GLfloat', possible loss of data
c:\users\kuanr\desktop\ministudio\src\guitar.cpp(239): warning C4244: 'argument': conversion from 'double' to 'GLfloat', possible loss of data
c:\users\kuanr\desktop\ministudio\src\guitar.cpp(255): warning C4244: 'argument': conversion from 'double' to 'GLfloat', possible loss of data
c:\users\kuanr\desktop\ministudio\src\guitar.cpp(268): warning C4244: 'argument': conversion from 'double' to 'GLfloat', possible loss of data
c:\users\kuanr\desktop\ministudio\src\guitar.cpp(280): warning C4244: 'argument': conversion from 'double' to 'GLfloat', possible loss of data
c:\users\kuanr\desktop\ministudio\src\guitar.cpp(295): warning C4244: 'argument': conversion from 'double' to 'GLfloat', possible loss of data
c:\users\kuanr\desktop\ministudio\src\guitar.cpp(296): warning C4244: 'argument': conversion from 'double' to 'GLfloat', possible loss of data
c:\users\kuanr\desktop\ministudio\src\guitar.cpp(309): warning C4244: 'argument': conversion from 'double' to 'GLfloat', possible loss of data
  Keyboard.cpp
c:\users\kuanr\desktop\ministudio\src\keyboard.cpp(22): warning C4305: '=': truncation from 'double' to 'float'
c:\users\kuanr\desktop\ministudio\src\keyboard.cpp(165): warning C4244: '=': conversion from 'double' to 'float', possible loss of data
  yspng.cpp
c:\users\kuanr\desktop\ministudio\src\yspng.cpp(987): warning C4996: 'fopen': This function or variable may be unsafe. Consider using fopen_s instead. To disable deprecation, use _CRT_SECURE_NO_WARNINGS. See online help for details.
  c:\program files (x86)\windows kits\10\include\10.0.17134.0\ucrt\stdio.h(208): note: see declaration of 'fopen'
  yssimplesound.cpp
c:\users\kuanr\desktop\ministudio\src\yssimplesound.cpp(101): warning C4244: 'argument': conversion from '__int64' to 'size_t', possible loss of data
c:\users\kuanr\desktop\ministudio\src\yssimplesound.cpp(114): warning C4244: 'argument': conversion from '__int64' to 'size_t', possible loss of data
c:\users\kuanr\desktop\ministudio\src\yssimplesound.cpp(313): warning C4996: 'fopen': This function or variable may be unsafe. Consider using fopen_s instead. To disable deprecation, use _CRT_SECURE_NO_WARNINGS. See online help for details.
  c:\program files (x86)\windows kits\10\include\10.0.17134.0\ucrt\stdio.h(208): note: see declaration of 'fopen'
c:\users\kuanr\desktop\ministudio\src\yssimplesound.cpp(467): warning C4244: '=': conversion from '__int64' to 'unsigned int', possible loss of data
c:\users\kuanr\desktop\ministudio\src\yssimplesound.cpp(502): warning C4018: '<': signed/unsigned mismatch
c:\users\kuanr\desktop\ministudio\src\yssimplesound.cpp(527): warning C4018: '<': signed/unsigned mismatch
c:\users\kuanr\desktop\ministudio\src\yssimplesound.cpp(551): warning C4018: '<': signed/unsigned mismatch
c:\users\kuanr\desktop\ministudio\src\yssimplesound.cpp(565): warning C4018: '<': signed/unsigned mismatch
c:\users\kuanr\desktop\ministudio\src\yssimplesound.cpp(707): warning C4018: '<': signed/unsigned mismatch
c:\users\kuanr\desktop\ministudio\src\yssimplesound.cpp(714): warning C4018: '<': signed/unsigned mismatch
c:\users\kuanr\desktop\ministudio\src\yssimplesound.cpp(738): warning C4018: '<': signed/unsigned mismatch
c:\users\kuanr\desktop\ministudio\src\yssimplesound.cpp(745): warning C4018: '<': signed/unsigned mismatch
c:\users\kuanr\desktop\ministudio\src\yssimplesound.cpp(947): warning C4244: 'initializing': conversion from '__int64' to 'unsigned int', possible loss of data
c:\users\kuanr\desktop\ministudio\src\yssimplesound.cpp(960): warning C4244: '=': conversion from '__int64' to 'unsigned int', possible loss of data
c:\users\kuanr\desktop\ministudio\src\yssimplesound.cpp(1059): warning C4018: '<': signed/unsigned mismatch
  yssimplesound_dsound.cpp
c:\users\kuanr\desktop\ministudio\src\yssimplesound_dsound.cpp(228): warning C4244: 'initializing': conversion from 'double' to 'float', possible loss of data
  Generating Code...
  ysglfontdata.c
c:\users\kuanr\desktop\ministudio\src\ysglfontdata.c(33243): warning C4244: 'function': conversion from 'int' to 'GLfloat', possible loss of data
c:\users\kuanr\desktop\ministudio\src\ysglfontdata.c(33253): warning C4244: 'function': conversion from 'int' to 'GLfloat', possible loss of data
c:\users\kuanr\desktop\ministudio\src\ysglfontdata.c(33262): warning C4244: 'function': conversion from 'int' to 'GLfloat', possible loss of data
LINK : warning LNK4075: ignoring '/INCREMENTAL' due to '/OPT:ICF' specification
  MiniStudio.vcxproj -> C:\Users\Kuanr\Desktop\MiniStudio\Release\MiniStudio.exe
